{
  "0 debug pnpm:scope": {
    "selected": 1
  },
  "1 error pnpm": {
    "errno": 126,
    "code": "ELIFECYCLE",
    "pkgid": "slidev@",
    "stage": "dev",
    "script": "slidev --open",
    "pkgname": "slidev",
    "err": {
      "name": "pnpm",
      "message": "slidev@ dev: `slidev --open`\nExit status 126",
      "code": "ELIFECYCLE",
      "stack": "pnpm: slidev@ dev: `slidev --open`\nExit status 126\n    at EventEmitter.<anonymous> (/usr/local/Cellar/node/17.9.0/pnpm-global/5/node_modules/.pnpm/pnpm@6.32.6/node_modules/pnpm/dist/pnpm.cjs:105736:20)\n    at EventEmitter.emit (node:events:527:28)\n    at ChildProcess.<anonymous> (/usr/local/Cellar/node/17.9.0/pnpm-global/5/node_modules/.pnpm/pnpm@6.32.6/node_modules/pnpm/dist/pnpm.cjs:92297:18)\n    at ChildProcess.emit (node:events:527:28)\n    at maybeClose (node:internal/child_process:1090:16)\n    at Process.ChildProcess._handle.onexit (node:internal/child_process:302:5)"
    }
  },
  "2 warn pnpm:global": " Local package.json exists, but node_modules missing, did you mean to install?"
}